0 info it worked if it ends with ok
1 verbose cli [ 'C:\\Program Files\\nodejs\\node.exe',
1 verbose cli   'C:\\Users\\Dora\\AppData\\Roaming\\npm\\node_modules\\npm\\bin\\npm-cli.js',
1 verbose cli   'run',
1 verbose cli   'lite' ]
2 info using npm@3.10.5
3 info using node@v4.4.7
4 verbose run-script [ 'prelite', 'lite', 'postlite' ]
5 info lifecycle angular2-victorroblesweb@1.0.0~prelite: angular2-victorroblesweb@1.0.0
6 silly lifecycle angular2-victorroblesweb@1.0.0~prelite: no script for prelite, continuing
7 info lifecycle angular2-victorroblesweb@1.0.0~lite: angular2-victorroblesweb@1.0.0
8 verbose lifecycle angular2-victorroblesweb@1.0.0~lite: unsafe-perm in lifecycle true
9 verbose lifecycle angular2-victorroblesweb@1.0.0~lite: PATH: C:\Users\Dora\AppData\Roaming\npm\node_modules\npm\bin\node-gyp-bin;C:\xampp\htdocs\Angular2\node_modules\.bin;C:\Program Files\nodejs;C:\Users\Dora\AppData\Roaming\npm\node_modules\npm\bin\node-gyp-bin;C:\xampp\htdocs\Angular2\node_modules\.bin;C:\Program Files\nodejs;C:\cygwin64\usr\local\bin;C:\cygwin64\bin;C:\Ruby22\bin;C:\Program Files (x86)\Common Files\Intel\Shared Files\cpp\bin\Intel64;C:\oraclexe\app\oracle\product\10.2.0\server\bin;C:\Windows\system32;C:\Windows;C:\Windows\system32\wbem;C:\ProgramData\Oracle\Java\javapath;C:\Program Files (x86)\Intel\iCLS Client;C:\Program Files\Intel\iCLS Client;C:\Windows\System32\WindowsPowerShell\v1.0;C:\Program Files (x86)\Intel\OpenCL SDK\2.0\bin\x86;C:\Program Files (x86)\Intel\OpenCL SDK\2.0\bin\x64;C:\Program Files (x86)\Microsoft SQL Server\100\Tools\Binn;C:\Program Files\Microsoft SQL Server\100\Tools\Binn;C:\Program Files\Microsoft SQL Server\100\DTS\Binn;C:\Program Files (x86)\Microsoft SQL Server\100\Tools\Binn\VSShell\Common7\IDE;C:\Program Files (x86)\Microsoft Visual Studio 9.0\Common7\IDE\PrivateAssemblies;C:\Program Files (x86)\Microsoft SQL Server\100\DTS\Binn;C:\Program Files (x86)\Rational\common;C:\Program Files\Intel\Intel(R) Management Engine Components\DAL;C:\Program Files\Intel\Intel(R) Management Engine Components\IPT;C:\Program Files (x86)\Int;C:\Program Files\nodejs;C:\xampp\php;C:\ProgramData\ComposerSetup\bin;C:\Program Files\Git\bin;C:\Users\Dora\AppData\Roaming\Composer\vendor\bin
10 verbose lifecycle angular2-victorroblesweb@1.0.0~lite: CWD: C:\xampp\htdocs\Angular2
11 silly lifecycle angular2-victorroblesweb@1.0.0~lite: Args: [ '/d /s /c', 'lite-server' ]
12 silly lifecycle angular2-victorroblesweb@1.0.0~lite: Returned: code: 1  signal: null
13 info lifecycle angular2-victorroblesweb@1.0.0~lite: Failed to exec lite script
14 verbose stack Error: angular2-victorroblesweb@1.0.0 lite: `lite-server`
14 verbose stack Exit status 1
14 verbose stack     at EventEmitter.<anonymous> (C:\Users\Dora\AppData\Roaming\npm\node_modules\npm\lib\utils\lifecycle.js:242:16)
14 verbose stack     at emitTwo (events.js:87:13)
14 verbose stack     at EventEmitter.emit (events.js:172:7)
14 verbose stack     at ChildProcess.<anonymous> (C:\Users\Dora\AppData\Roaming\npm\node_modules\npm\lib\utils\spawn.js:40:14)
14 verbose stack     at emitTwo (events.js:87:13)
14 verbose stack     at ChildProcess.emit (events.js:172:7)
14 verbose stack     at maybeClose (internal/child_process.js:827:16)
14 verbose stack     at Process.ChildProcess._handle.onexit (internal/child_process.js:211:5)
15 verbose pkgid angular2-victorroblesweb@1.0.0
16 verbose cwd C:\xampp\htdocs\Angular2
17 error Windows_NT 6.1.7601
18 error argv "C:\\Program Files\\nodejs\\node.exe" "C:\\Users\\Dora\\AppData\\Roaming\\npm\\node_modules\\npm\\bin\\npm-cli.js" "run" "lite"
19 error node v4.4.7
20 error npm  v3.10.5
21 error code ELIFECYCLE
22 error angular2-victorroblesweb@1.0.0 lite: `lite-server`
22 error Exit status 1
23 error Failed at the angular2-victorroblesweb@1.0.0 lite script 'lite-server'.
23 error Make sure you have the latest version of node.js and npm installed.
23 error If you do, this is most likely a problem with the angular2-victorroblesweb package,
23 error not with npm itself.
23 error Tell the author that this fails on your system:
23 error     lite-server
23 error You can get information on how to open an issue for this project with:
23 error     npm bugs angular2-victorroblesweb
23 error Or if that isn't available, you can get their info via:
23 error     npm owner ls angular2-victorroblesweb
23 error There is likely additional logging output above.
24 verbose exit [ 1, true ]
